<?xml version="1.0" encoding="UTF-8"?>
<!-- Generated by org.testng.reporters.JUnitReportReporter -->
<testsuite hostname="DESKTOP-8JLKFVT" failures="0" tests="1" name="com.t.foodibd.tests.LoginPageTest" time="20.165" errors="0" timestamp="2025-01-20T11:02:34 BDT" skipped="0">
  <testcase classname="com.t.foodibd.tests.LoginPageTest" name="loginTestMethod" time="20.165"/>
</testsuite> <!-- com.t.foodibd.tests.LoginPageTest -->
