<?xml version="1.0" encoding="UTF-8"?>
<!-- Generated by org.testng.reporters.JUnitReportReporter -->
<testsuite hostname="DESKTOP-8JLKFVT" failures="0" tests="1" name="com.t.foodibd.tests.Signup1Test1" time="13.061" errors="0" timestamp="2025-01-20T10:23:15 BDT" skipped="0">
  <testcase classname="com.t.foodibd.tests.Signup1Test1" name="signupTestMethod" time="13.061"/>
</testsuite> <!-- com.t.foodibd.tests.Signup1Test1 -->
