<?xml version="1.0" encoding="UTF-8"?>
<!-- Generated by org.testng.reporters.JUnitReportReporter -->
<testsuite hostname="DESKTOP-8JLKFVT" failures="0" tests="1" name="com.t.foodibd.tests.LoginTest" time="12.677" errors="0" timestamp="2025-01-20T10:49:28 BDT" skipped="0">
  <testcase classname="com.t.foodibd.tests.LoginTest" name="openUrl" time="12.677"/>
</testsuite> <!-- com.t.foodibd.tests.LoginTest -->
