<?xml version="1.0" encoding="UTF-8"?>
<!-- Generated by org.testng.reporters.JUnitReportReporter -->
<testsuite hostname="DESKTOP-8JLKFVT" failures="0" tests="3" name="com.t.foodibd.tests.SignupTest" time="27.600" errors="0" timestamp="2025-01-20T11:23:54 BDT" skipped="0">
  <testcase classname="com.t.foodibd.tests.SignupTest" name="openUrl" time="13.085"/>
  <testcase classname="com.t.foodibd.tests.SignupTest" name="signupTestMethod" time="7.503"/>
  <testcase classname="com.t.foodibd.tests.SignupTest" name="loginTestMethod" time="7.012"/>
</testsuite> <!-- com.t.foodibd.tests.SignupTest -->
